TN:
SF:src/Rollup.sol
FN:28,Rollup.linkPortal
FNDA:0,Rollup.linkPortal
DA:29,0
FN:44,Rollup.chugMessages
FNDA:3,Rollup.chugMessages
DA:49,3
BRDA:49,0,0,-
BRDA:49,0,1,3
DA:50,3
BRDA:50,1,0,-
BRDA:50,1,1,3
DA:52,3
DA:53,3
BRDA:53,2,0,-
BRDA:53,2,1,3
DA:56,3
DA:57,3
DA:58,3
DA:59,3
BRDA:59,3,0,-
BRDA:59,3,1,3
DA:62,3
FN:69,Rollup.messageDelivery
FNDA:2,Rollup.messageDelivery
DA:74,2
DA:75,2
DA:76,3
DA:81,3
BRDA:81,4,0,-
BRDA:81,4,1,3
DA:83,2
FNF:3
FNH:2
LF:15
LH:14
BRF:10
BRH:5
end_of_record
TN:
SF:src/messagebridge/Inbox.sol
FN:44,Inbox.sendL2Message
FNDA:3,Inbox.sendL2Message
DA:45,3
DA:46,3
BRDA:46,0,0,-
BRDA:46,0,1,3
DA:47,0
DA:50,3
DA:51,3
DA:53,3
DA:55,3
DA:56,3
DA:58,3
DA:60,3
FN:71,Inbox.chug
FNDA:3,Inbox.chug
DA:75,3
BRDA:75,1,0,-
BRDA:75,1,1,3
DA:76,3
DA:77,3
DA:78,3
DA:79,3
BRDA:79,2,0,-
BRDA:79,2,1,3
DA:80,0
DA:82,3
DA:85,3
DA:87,3
DA:88,3
DA:91,3
DA:93,3
DA:94,3
FNF:2
FNH:2
LF:23
LH:21
BRF:6
BRH:3
end_of_record
TN:
SF:src/messagebridge/Outbox.sol
FN:45,Outbox.receiveMessages
FNDA:2,Outbox.receiveMessages
DA:50,2
BRDA:50,0,0,-
BRDA:50,0,1,2
DA:51,2
BRDA:51,1,0,-
BRDA:51,1,1,2
DA:52,2
BRDA:52,2,0,-
BRDA:52,2,1,2
DA:54,2
DA:55,3
DA:56,3
FN:66,Outbox.consume
FNDA:4,Outbox.consume
DA:67,4
DA:68,4
DA:70,4
DA:71,4
BRDA:71,3,0,-
BRDA:71,3,1,4
DA:72,4
BRDA:72,4,0,1
BRDA:72,4,1,3
DA:74,3
DA:75,3
FN:88,Outbox.designatedConsume
FNDA:1,Outbox.designatedConsume
DA:89,1
DA:90,1
DA:93,1
DA:94,1
BRDA:94,5,0,-
BRDA:94,5,1,1
DA:95,1
BRDA:95,6,0,-
BRDA:95,6,1,1
DA:97,1
DA:100,1
DA:101,1
BRDA:101,7,0,-
BRDA:101,7,1,1
DA:103,1
BRDA:103,8,0,-
BRDA:103,8,1,1
FN:106,Outbox.getEntry
FNDA:6,Outbox.getEntry
DA:107,6
DA:108,6
FN:111,Outbox.getEntry
FNDA:0,Outbox.getEntry
DA:112,0
FNF:5
FNH:4
LF:25
LH:24
BRF:18
BRH:10
end_of_record
TN:
SF:src/messagebridge/Rolodex.sol
FN:25,Rolodex.addLink
FNDA:0,Rolodex.addLink
DA:26,0
BRDA:26,0,0,-
BRDA:26,0,1,-
DA:27,0
BRDA:27,1,0,-
BRDA:27,1,1,-
DA:28,0
DA:31,0
BRDA:31,2,0,-
BRDA:31,2,1,-
DA:32,0
DA:35,0
DA:36,0
DA:38,0
DA:40,0
FNF:1
FNH:0
LF:9
LH:0
BRF:6
BRH:0
end_of_record
TN:
SF:src/portals/SplitPortal.sol
FN:26,SplitPortal.split
FNDA:1,SplitPortal.split
DA:29,1
BRDA:29,0,0,-
BRDA:29,0,1,1
DA:31,1
DA:32,1
DA:33,3
DA:36,1
DA:37,1
DA:41,1
DA:42,1
DA:43,1
DA:47,1
DA:48,1
BRDA:48,1,0,-
BRDA:48,1,1,1
DA:51,1
DA:52,1
DA:54,1
DA:55,3
FNF:1
FNH:1
LF:15
LH:15
BRF:4
BRH:2
end_of_record
TN:
SF:src/portals/TokenPortal.sol
FN:30,TokenPortal.deposit
FNDA:3,TokenPortal.deposit
DA:31,3
DA:32,3
DA:33,3
FN:42,TokenPortal.withdraw
FNDA:3,TokenPortal.withdraw
DA:43,3
DA:44,3
DA:45,2
FNF:2
FNH:2
LF:6
LH:6
BRF:0
BRH:0
end_of_record
